<?xml version="1.0" encoding="UTF-8"?>
<!-- Generated by org.testng.reporters.JUnitXMLReporter -->
<testsuite ignored="1" hostname="DESKTOP-B87AGR5" failures="0" tests="2" name="Car Loan" time="0.014" errors="0" timestamp="2021-11-29T15:32:11 CST">
  <testcase classname="Test.TestScenario3" name="WebLogin" time="0.002"/>
  <testcase classname="Test.TestScenario3" name="TestAPI" time="0.002"/>
  <testcase classname="Test.TestScenario3" name="WebLogin1" time="0.0">
    <ignored/>
  </testcase> <!-- WebLogin1 -->
</testsuite> <!-- Car Loan -->
