<?xml version="1.0" encoding="UTF-8"?>
<!-- Generated by org.testng.reporters.JUnitXMLReporter -->
<testsuite ignored="0" hostname="DESKTOP-B87AGR5" failures="0" tests="4" name="Home Loan" time="0.061" errors="0" timestamp="2021-11-29T15:32:11 CST">
  <testcase classname="Test.TestScenario" name="Demo" time="0.009"/>
  <testcase classname="Test.TestScenario" name="Demo2" time="0.001"/>
  <testcase classname="Test.TestScenario1" name="Demo3" time="0.001"/>
  <testcase classname="Test.TestScenario2" name="Call" time="0.001"/>
</testsuite> <!-- Home Loan -->
