<?xml version="1.0" encoding="UTF-8"?>
<!-- Generated by org.testng.reporters.JUnitXMLReporter -->
<testsuite ignored="0" hostname="DESKTOP-B87AGR5" failures="0" tests="7" name="Test" time="0.079" errors="0" timestamp="2021-11-29T14:05:13 CST">
  <testcase classname="Test.TestScenario" name="Demo" time="0.01"/>
  <testcase classname="Test.TestScenario" name="Demo2" time="0.001"/>
  <testcase classname="Test.TestScenario1" name="Demo3" time="0.001"/>
  <testcase classname="Test.TestScenario2" name="Call" time="0.001"/>
  <testcase classname="Test.TestScenario3" name="MobileAPCall" time="0.001"/>
  <testcase classname="Test.TestScenario3" name="MobileLogin" time="0.002"/>
  <testcase classname="Test.TestScenario3" name="WebLogin" time="0.001"/>
</testsuite> <!-- Test -->
