<?xml version="1.0" encoding="UTF-8"?>
<!-- Generated by org.testng.reporters.JUnitXMLReporter -->
<testsuite ignored="0" hostname="DESKTOP-B87AGR5" failures="0" tests="3" name="Default test" time="0.066" errors="0" timestamp="2021-11-29T14:05:04 CST">
  <testcase classname="Test.TestScenario3" name="MobileAPCall" time="0.009"/>
  <testcase classname="Test.TestScenario3" name="MobileLogin" time="0.002"/>
  <testcase classname="Test.TestScenario3" name="WebLogin" time="0.002"/>
</testsuite> <!-- Default test -->
